--- Copying files at Thu Sep 25 08:03:38 UTC 2025
--- Copied files finished at Thu Sep 25 08:03:38 UTC 2025
--- Copying files at Sun Sep 28 08:33:08 UTC 2025
--- Copied files finished at Sun Sep 28 08:33:08 UTC 2025
--- Copying files at Sun Sep 28 08:57:55 UTC 2025
--- Copied files finished at Sun Sep 28 08:57:55 UTC 2025
--- Copying files at Tue Sep 30 07:46:49 UTC 2025
--- Copied files finished at Tue Sep 30 07:46:49 UTC 2025
--- Copying files at Tue Sep 30 14:16:53 UTC 2025
--- Copied files finished at Tue Sep 30 14:16:53 UTC 2025
--- Copying files at Wed Oct  1 10:29:21 UTC 2025
--- Copied files finished at Wed Oct  1 10:29:21 UTC 2025
--- Copying files at Thu Oct  9 13:40:12 UTC 2025
--- Copied files finished at Thu Oct  9 13:40:12 UTC 2025
--- Copying files at Sun Oct 12 06:00:29 UTC 2025
--- Copied files finished at Sun Oct 12 06:00:29 UTC 2025
--- Copying files at Tue Oct 14 14:06:59 UTC 2025
--- Copied files finished at Tue Oct 14 14:06:59 UTC 2025
--- Copying files at Mon Oct 20 11:40:37 UTC 2025
--- Copied files finished at Mon Oct 20 11:40:37 UTC 2025
--- Copying files at Sun Oct 26 08:32:07 UTC 2025
--- Copied files finished at Sun Oct 26 08:32:07 UTC 2025
--- Copying files at Mon Oct 27 07:38:42 UTC 2025
--- Copied files finished at Mon Oct 27 07:38:42 UTC 2025
--- Copying files at Mon Oct 27 07:39:47 UTC 2025
--- Copied files finished at Mon Oct 27 07:39:48 UTC 2025
--- Copying files at Mon Oct 27 07:40:23 UTC 2025
--- Copied files finished at Mon Oct 27 07:40:23 UTC 2025
--- Copying files at Mon Oct 27 07:41:38 UTC 2025
--- Copied files finished at Mon Oct 27 07:41:38 UTC 2025
--- Copying files at Mon Oct 27 07:44:23 UTC 2025
--- Copied files finished at Mon Oct 27 07:44:23 UTC 2025
--- Copying files at Wed Oct 29 20:55:28 UTC 2025
--- Copied files finished at Wed Oct 29 20:55:28 UTC 2025
--- Copying files at Thu Oct 30 12:45:11 UTC 2025
--- Copied files finished at Thu Oct 30 12:45:11 UTC 2025
--- Copying files at Sun Nov  2 05:47:59 UTC 2025
--- Copied files finished at Sun Nov  2 05:47:59 UTC 2025
--- Copying files at Tue Nov  4 07:36:17 UTC 2025
--- Copied files finished at Tue Nov  4 07:36:17 UTC 2025
--- Copying files at Tue Nov  4 08:17:07 UTC 2025
--- Copied files finished at Tue Nov  4 08:17:07 UTC 2025
--- Copying files at Tue Nov  4 12:49:26 UTC 2025
--- Copied files finished at Tue Nov  4 12:49:26 UTC 2025
--- Copying files at Tue Nov  4 13:20:41 UTC 2025
--- Copied files finished at Tue Nov  4 13:20:41 UTC 2025
